2024-06-23T07:20:22+00:00 DEBUG Tt4b_Pixel_Class::inject_view_content_event: hit ViewContent
2024-06-23T07:20:22+00:00 DEBUG Tt4b_Pixel_Class::inject_view_content_event: Missing option "access_token"
2024-06-23T09:40:03+00:00 DEBUG Tt4b_Pixel_Class::inject_view_content_event: hit ViewContent
2024-06-23T09:40:03+00:00 DEBUG Tt4b_Pixel_Class::inject_view_content_event: Missing option "access_token"
2024-06-23T09:41:10+00:00 DEBUG Tt4b_Pixel_Class::inject_view_content_event: hit ViewContent
2024-06-23T09:41:10+00:00 DEBUG Tt4b_Pixel_Class::inject_view_content_event: Missing option "access_token"
2024-06-23T09:41:19+00:00 DEBUG Tt4b_Pixel_Class::inject_view_content_event: hit ViewContent
2024-06-23T09:41:19+00:00 DEBUG Tt4b_Pixel_Class::inject_view_content_event: Missing option "access_token"
2024-06-23T09:41:51+00:00 DEBUG Tt4b_Pixel_Class::inject_view_content_event: hit ViewContent
2024-06-23T09:41:51+00:00 DEBUG Tt4b_Pixel_Class::inject_view_content_event: Missing option "access_token"
2024-06-23T09:42:36+00:00 DEBUG Tt4b_Pixel_Class::inject_view_content_event: hit ViewContent
2024-06-23T09:42:36+00:00 DEBUG Tt4b_Pixel_Class::inject_view_content_event: Missing option "access_token"
2024-06-23T09:44:58+00:00 DEBUG Tt4b_Pixel_Class::inject_view_content_event: hit ViewContent
2024-06-23T09:44:58+00:00 DEBUG Tt4b_Pixel_Class::inject_view_content_event: Missing option "access_token"
2024-06-23T09:46:31+00:00 DEBUG Tt4b_Pixel_Class::inject_view_content_event: hit ViewContent
2024-06-23T09:46:31+00:00 DEBUG Tt4b_Pixel_Class::inject_view_content_event: Missing option "access_token"
2024-06-23T09:47:14+00:00 DEBUG Tt4b_Pixel_Class::inject_view_content_event: hit ViewContent
2024-06-23T09:47:14+00:00 DEBUG Tt4b_Pixel_Class::inject_view_content_event: Missing option "access_token"
2024-06-23T09:49:53+00:00 DEBUG Tt4b_Pixel_Class::inject_view_content_event: hit ViewContent
2024-06-23T09:49:53+00:00 DEBUG Tt4b_Pixel_Class::inject_view_content_event: Missing option "access_token"
2024-06-23T09:51:33+00:00 DEBUG Tt4b_Pixel_Class::inject_view_content_event: hit ViewContent
2024-06-23T09:51:33+00:00 DEBUG Tt4b_Pixel_Class::inject_view_content_event: Missing option "access_token"
2024-06-23T10:08:15+00:00 DEBUG tt4b_product_delete: missing access token for tt4b_product_sync
2024-06-23T10:08:15+00:00 DEBUG tt4b_product_delete: missing access token for tt4b_product_sync
2024-06-23T10:08:38+00:00 DEBUG Tt4b_Pixel_Class::inject_view_content_event: hit ViewContent
2024-06-23T10:08:38+00:00 DEBUG Tt4b_Pixel_Class::inject_view_content_event: Missing option "access_token"
2024-06-23T10:19:44+00:00 DEBUG Tt4b_Pixel_Class::inject_view_content_event: hit ViewContent
2024-06-23T10:19:44+00:00 DEBUG Tt4b_Pixel_Class::inject_view_content_event: Missing option "access_token"
2024-06-23T10:22:39+00:00 DEBUG Tt4b_Pixel_Class::inject_view_content_event: hit ViewContent
2024-06-23T10:22:39+00:00 DEBUG Tt4b_Pixel_Class::inject_view_content_event: Missing option "access_token"
2024-06-23T10:23:13+00:00 DEBUG tt4b_product_delete: missing access token for tt4b_product_sync
2024-06-23T10:23:13+00:00 DEBUG tt4b_product_delete: missing access token for tt4b_product_sync
2024-06-23T10:23:41+00:00 DEBUG Tt4b_Pixel_Class::inject_view_content_event: hit ViewContent
2024-06-23T10:23:41+00:00 DEBUG Tt4b_Pixel_Class::inject_view_content_event: Missing option "access_token"
2024-06-23T10:42:55+00:00 DEBUG Tt4b_Pixel_Class::inject_view_content_event: hit ViewContent
2024-06-23T10:42:55+00:00 DEBUG Tt4b_Pixel_Class::inject_view_content_event: Missing option "access_token"
2024-06-23T11:12:29+00:00 DEBUG Tt4b_Pixel_Class::inject_view_content_event: hit ViewContent
2024-06-23T11:12:29+00:00 DEBUG Tt4b_Pixel_Class::inject_view_content_event: Missing option "access_token"
2024-06-23T12:22:46+00:00 DEBUG POST: https://business-api.tiktok.com/tbp/v2.0/business_profile/disconnect?external_data=

{"business_platform":"WOO_COMMERCE","external_business_id":"tt4b_woocommerce_66752ede2e20e"}
 ajax: no
2024-06-23T12:22:47+00:00 DEBUG Tt4b_Mapi_Class::tbp_post: Response: 

HTTP/1.1 200 OK
Content-Type: application/json; charset=utf-8
Content-Length: 95
X-Api-Deprecation-Info: API for Business Version 1.3 is now live. To avoid disruption to your business, we recommend you migrate all calls to v1.3 as soon as possible. Please visit our migration guide for more details: https://ads.tiktok.com/marketing_api/docs?id=1740029169927169
X-Domain-Change-Info: We have moved to the new domain business-api.tiktok.com for API services after the Platform Upgrade on 09/30/2021. Please update all of your requests with the new domain if you haven't done so already. For more information, please visit https://ads.tiktok.com/marketing_api/docs?rid=esb88xalm6m&id=1709207085043713
X-Tt-Logid: 20240623122244502B39720DF45C592972
x-tt-trace-host: 01b957bd74a50550dc3f97d11df068ec4d7786a0a4f25828ce4cdc1fdd30e08d964d0269254e76a015b395671bf6820c3f7b3f091887c3300d59bb1c7d7d1376128befb867cf36ea01fd984acc859c39613b580128091bf5823d3884c8b9df09a513575600a3c8b9eff888647c6e0a7259
x-tt-trace-id: 00-240623122244502B39720DF45C592972-6611D2EC60616284-00
Server: TLB
X-Origin-Response-Time: 20,23.47.190.182
X-Akamai-Request-ID: 30acc8c0.537ddc71
Expires: Sun, 23 Jun 2024 12:22:45 GMT
Cache-Control: max-age=0, no-cache, no-store
Pragma: no-cache
Date: Sun, 23 Jun 2024 12:22:45 GMT
X-Cache: TCP_MISS from a2-16-239-12.deploy.akamaitechnologies.com (AkamaiGHost/11.5.2-56655770) (-)
Connection: close
X-Cache-Remote: TCP_MISS from a23-47-190-182.deploy.akamaitechnologies.com (AkamaiGHost/11.5.2-56655770) (-)
x-tt-trace-tag: id=16;cdn-cache=miss;type=dyn
Server-Timing: cdn-cache; desc=MISS, edge; dur=291, origin; dur=20
Server-Timing: inner; dur=14
X-Parent-Response-Time: 310,2.16.239.12

{"code":40001,"message":"Permission denied.","request_id":"20240623122244502B39720DF45C592972"}

2024-06-23T12:22:47+00:00 DEBUG POST: https://business-api.tiktok.com/tbp/v2.0/shop/connection/disconnect?external_data=

--- EMPTY STRING ---
 ajax: no
2024-06-23T12:22:47+00:00 DEBUG Tt4b_Mapi_Class::tts_shop_disconnect: Response: 

HTTP/1.1 200 OK
Content-Type: application/json; charset=utf-8
Content-Length: 95
X-Api-Deprecation-Info: API for Business Version 1.3 is now live. To avoid disruption to your business, we recommend you migrate all calls to v1.3 as soon as possible. Please visit our migration guide for more details: https://ads.tiktok.com/marketing_api/docs?id=1740029169927169
X-Domain-Change-Info: We have moved to the new domain business-api.tiktok.com for API services after the Platform Upgrade on 09/30/2021. Please update all of your requests with the new domain if you haven't done so already. For more information, please visit https://ads.tiktok.com/marketing_api/docs?rid=esb88xalm6m&id=1709207085043713
X-Tt-Logid: 2024062312224565D6BC5926AE20577E6E
x-tt-trace-host: 01b957bd74a50550dc3f97d11df068ec4d93b959eca595d0efdd1b0e21b7fb1a34367c780a29ce95a3f363b6c74b1188c13e77895d1bf4716ad7eebb26c0c18217bc705200ecd7134680a96a70d4617f5bbe3cf9218d36620171249be88a1d6547be7bb1bf3518076649399e3a19d07c0f
x-tt-trace-id: 00-24062312224565D6BC5926AE20577E6E-65D080FC65CFBD68-00
Server: TLB
X-Origin-Response-Time: 24,184.28.235.151
X-Akamai-Request-ID: 19c78ef.537de813
Expires: Sun, 23 Jun 2024 12:22:46 GMT
Cache-Control: max-age=0, no-cache, no-store
Pragma: no-cache
Date: Sun, 23 Jun 2024 12:22:46 GMT
X-Cache: TCP_MISS from a2-16-239-12.deploy.akamaitechnologies.com (AkamaiGHost/11.5.2-56655770) (-)
Connection: close
X-Cache-Remote: TCP_MISS from a184-28-235-151.deploy.akamaitechnologies.com (AkamaiGHost/11.5.2-56655770) (-)
x-tt-trace-tag: id=16;cdn-cache=miss;type=dyn
Server-Timing: cdn-cache; desc=MISS, edge; dur=317, origin; dur=23
Server-Timing: inner; dur=13
X-Parent-Response-Time: 339,2.16.239.12

{"code":40001,"message":"Permission denied.","request_id":"2024062312224565D6BC5926AE20577E6E"}

